<?xml version="1.0" encoding="UTF-8"?>
<!-- Generated by org.testng.reporters.JUnitReportReporter -->
<testsuite skipped="0" hostname="Jimiait" name="testCases.ReadAllProducts" tests="1" failures="0" timestamp="2022-08-25T11:22:48 CDT" time="1.933" errors="0">
  <testcase name="readAllProducts" time="1.933" classname="testCases.ReadAllProducts"/>
  <system-out/>
</testsuite> <!-- testCases.ReadAllProducts -->
