<?xml version="1.0" encoding="UTF-8"?>
<!-- Generated by org.testng.reporters.JUnitReportReporter -->
<testsuite skipped="0" hostname="Jimiait" name="testCases.ReadOneProduct" tests="1" failures="0" timestamp="2022-08-25T11:20:33 CDT" time="1.656" errors="0">
  <testcase name="readOneProduct" time="1.656" classname="testCases.ReadOneProduct"/>
  <system-out/>
</testsuite> <!-- testCases.ReadOneProduct -->
