<?xml version="1.0" encoding="UTF-8"?>
<!-- Generated by org.testng.reporters.JUnitReportReporter -->
<testsuite skipped="0" hostname="Jimiait" name="testCases.DeleteOneProduct" tests="2" failures="0" timestamp="2022-08-25T23:45:43 CDT" time="2.181" errors="0">
  <testcase name="deleteOneProduct" time="1.781" classname="testCases.DeleteOneProduct"/>
  <system-out/>
  <testcase name="readOneProduct" time="0.400" classname="testCases.DeleteOneProduct"/>
  <system-out/>
</testsuite> <!-- testCases.DeleteOneProduct -->
