<?xml version="1.0" encoding="UTF-8"?>
<!-- Generated by org.testng.reporters.JUnitReportReporter -->
<testsuite skipped="0" hostname="Jimiait" name="testCases.CreateOneProduct" tests="3" failures="0" timestamp="2022-08-25T23:45:59 CDT" time="2.940" errors="0">
  <testcase name="createOneProduct" time="1.786" classname="testCases.CreateOneProduct"/>
  <system-out/>
  <testcase name="readAllProducts" time="0.722" classname="testCases.CreateOneProduct"/>
  <system-out/>
  <testcase name="readOneProduct" time="0.432" classname="testCases.CreateOneProduct"/>
  <system-out/>
</testsuite> <!-- testCases.CreateOneProduct -->
