<?xml version="1.0" encoding="UTF-8"?>
<!-- Generated by org.testng.reporters.JUnitReportReporter -->
<testsuite skipped="0" hostname="Jimiait" name="testCases.UpdateOneProduct" tests="4" failures="0" timestamp="2022-08-25T22:59:07 CDT" time="3.233" errors="0">
  <testcase name="createOneProduct" time="1.774" classname="testCases.UpdateOneProduct"/>
  <system-out/>
  <testcase name="readAllProducts" time="0.710" classname="testCases.UpdateOneProduct"/>
  <system-out/>
  <testcase name="updateOneProduct" time="0.374" classname="testCases.UpdateOneProduct"/>
  <system-out/>
  <testcase name="readOneProduct" time="0.375" classname="testCases.UpdateOneProduct"/>
  <system-out/>
</testsuite> <!-- testCases.UpdateOneProduct -->
